<?xml version="1.0" encoding="UTF-8"?>
<robot generator="Robot 3.1.2 (Python 3.7.3 on darwin)" generated="20190628 17:51:31.312" rpa="false">
<suite id="s1" name="Amazon" source="/Users/nikolai/Documents/Robot/robot-scripts/untitled/Tests/amazon.robot">
<test id="s1-t1" name="Guest must sign in">
<kw name="Open Browser" library="SeleniumLibrary">
<doc>Opens a new browser instance to the given ``url``.</doc>
<arguments>
<arg>http://amazon.com</arg>
<arg>firefox</arg>
</arguments>
<msg timestamp="20190628 17:51:31.526" level="INFO">Opening browser 'firefox' to base url 'http://amazon.com'.</msg>
<status status="PASS" starttime="20190628 17:51:31.525" endtime="20190628 17:51:38.122"></status>
</kw>
<kw name="Wait Until Page Contains" library="SeleniumLibrary">
<doc>Waits until ``text`` appears on current page.</doc>
<arguments>
<arg>Shop with 100% confidence on Amazon</arg>
</arguments>
<status status="PASS" starttime="20190628 17:51:38.122" endtime="20190628 17:51:38.147"></status>
</kw>
<kw name="Input Text" library="SeleniumLibrary">
<doc>Types the given ``text`` into text field identified by ``locator``.</doc>
<arguments>
<arg>id=twotabsearchtextbox</arg>
<arg>Maisto Bburago Ferrari 458</arg>
</arguments>
<msg timestamp="20190628 17:51:38.148" level="INFO">Typing text 'Maisto Bburago Ferrari 458' into text field 'id=twotabsearchtextbox'.</msg>
<status status="PASS" starttime="20190628 17:51:38.148" endtime="20190628 17:51:38.239"></status>
</kw>
<kw name="Click Button" library="SeleniumLibrary">
<doc>Clicks button identified by ``locator``.</doc>
<arguments>
<arg>xpath=//div[@class='nav-search-submit nav-sprite']//input[@class='nav-input']</arg>
</arguments>
<msg timestamp="20190628 17:51:38.240" level="INFO">Clicking button 'xpath=//div[@class='nav-search-submit nav-sprite']//input[@class='nav-input']'.</msg>
<status status="PASS" starttime="20190628 17:51:38.239" endtime="20190628 17:51:42.316"></status>
</kw>
<kw name="Wait Until Page Contains" library="SeleniumLibrary">
<doc>Waits until ``text`` appears on current page.</doc>
<arguments>
<arg>results for "Maisto Bburago Ferrari 458"</arg>
</arguments>
<status status="PASS" starttime="20190628 17:51:42.316" endtime="20190628 17:51:42.353"></status>
</kw>
<kw name="Click Image" library="SeleniumLibrary">
<doc>Clicks an image identified by ``locator``.</doc>
<arguments>
<arg>Maisto Bburago Ferrari 458 Italia Red 1:24 Diecast Model - 26003RD</arg>
</arguments>
<msg timestamp="20190628 17:51:42.355" level="INFO">Clicking image 'Maisto Bburago Ferrari 458 Italia Red 1:24 Diecast Model - 26003RD'.</msg>
<status status="PASS" starttime="20190628 17:51:42.354" endtime="20190628 17:51:45.417"></status>
</kw>
<kw name="Wait Until Page Contains" library="SeleniumLibrary">
<doc>Waits until ``text`` appears on current page.</doc>
<arguments>
<arg>Back to results</arg>
</arguments>
<status status="PASS" starttime="20190628 17:51:45.418" endtime="20190628 17:51:45.457"></status>
</kw>
<kw name="Click Button" library="SeleniumLibrary">
<doc>Clicks button identified by ``locator``.</doc>
<arguments>
<arg>id=add-to-cart-button</arg>
</arguments>
<msg timestamp="20190628 17:51:45.459" level="INFO">Clicking button 'id=add-to-cart-button'.</msg>
<status status="PASS" starttime="20190628 17:51:45.458" endtime="20190628 17:51:45.922"></status>
</kw>
<kw name="Wait Until Page Contains" library="SeleniumLibrary">
<doc>Waits until ``text`` appears on current page.</doc>
<arguments>
<arg>Added to Cart</arg>
</arguments>
<status status="PASS" starttime="20190628 17:51:45.923" endtime="20190628 17:51:45.958"></status>
</kw>
<kw name="Close Browser" library="SeleniumLibrary">
<doc>Closes the current browser.</doc>
<status status="PASS" starttime="20190628 17:51:45.959" endtime="20190628 17:51:46.495"></status>
</kw>
<doc>Present some information about this test case</doc>
<tags>
<tag>Smoke</tag>
</tags>
<status status="PASS" starttime="20190628 17:51:31.524" endtime="20190628 17:51:46.496" critical="yes"></status>
</test>
<doc>Present some information</doc>
<status status="PASS" starttime="20190628 17:51:31.314" endtime="20190628 17:51:46.497"></status>
</suite>
<statistics>
<total>
<stat pass="1" fail="0">Critical Tests</stat>
<stat pass="1" fail="0">All Tests</stat>
</total>
<tag>
<stat pass="1" fail="0">Smoke</stat>
</tag>
<suite>
<stat pass="1" fail="0" id="s1" name="Amazon">Amazon</stat>
</suite>
</statistics>
<errors>
</errors>
</robot>
